<component name="libraryTable">
  <library name="junit-jupiter-params-5.9.1">
    <CLASSES>
      <root url="jar://$PROJECT_DIR$/libs/junit-jupiter-params-5.9.1.jar!/" />
    </CLASSES>
    <JAVADOC />
    <SOURCES />
    <excluded>
      <root url="jar://$PROJECT_DIR$/libs/junit-jupiter-params-5.9.1.jar!/" />
    </excluded>
  </library>
</component>